<?xml version="1.0" encoding="UTF-8"?>
<testsuite xmlns:xsi="http://www.w3.org/2001/XMLSchema-instance" xsi:noNamespaceSchemaLocation="https://maven.apache.org/surefire/maven-surefire-plugin/xsd/surefire-test-report.xsd" version="3.0.2" name="TestSuite" time="1106.976" tests="5" errors="0" skipped="0" failures="5">
  <properties>
[...]
</properties>
  <testcase name="runScenario[&quot;Valid search for multiple products&quot;, &quot;Product Search on Flipkart&quot;](1)" classname="com.automation.runner.TestRunner" time="302.848">
    <failure message="java.util.concurrent.TimeoutException&#10;Build info: version: &apos;4.41.0&apos;, revision: &apos;9fc754f&apos;&#10;System info: os.name: &apos;Windows 11&apos;, os.arch: &apos;amd64&apos;, os.version: &apos;10.0&apos;, java.version: &apos;21.0.12&apos;&#10;Driver info: org.openqa.selenium.chrome.ChromeDriver&#10;Command: [1aff19fed7bd1b8986f8187ff88519fc, get {url=https://www.flipkart.com/}]&#10;Capabilities {acceptInsecureCerts: false, browserName: chrome, browserVersion: 151.0.7922.77, chrome: {chromedriverVersion: 151.0.7922.77 (ff37cfca2101..., userDataDir: C:\Users\W11\AppData\Local\...}, fedcm:accounts: true, goog:chromeOptions: {debuggerAddress: localhost:60901}, goog:processID: 15356, networkConnectionEnabled: false, pageLoadStrategy: normal, platformName: windows, proxy: Proxy(), se:cdp: ws://localhost:60901/devtoo..., se:cdpVersion: 151.0.7922.77, setWindowRect: true, strictFileInteractability: false, timeouts: {implicit: 0, pageLoad: 300000, script: 30000}, unhandledPromptBehavior: dismiss and notify, webauthn:extension:credBlob: true, webauthn:extension:largeBlob: true, webauthn:extension:minPinLength: true, webauthn:extension:prf: true, webauthn:virtualAuthenticators: true}&#10;Session ID: 1aff19fed7bd1b8986f8187ff88519fc" type="org.openqa.selenium.TimeoutException"><![CDATA[org.openqa.selenium.TimeoutException: 
java.util.concurrent.TimeoutException
Build info: version: '4.41.0', revision: '9fc754f'
System info: os.name: 'Windows 11', os.arch: 'amd64', os.version: '10.0', java.version: '21.0.12'
Driver info: org.openqa.selenium.chrome.ChromeDriver
Command: [1aff19fed7bd1b8986f8187ff88519fc, get {url=https://www.flipkart.com/}]
Capabilities {acceptInsecureCerts: false, browserName: chrome, browserVersion: 151.0.7922.77, chrome: {chromedriverVersion: 151.0.7922.77 (ff37cfca2101..., userDataDir: C:\Users\W11\AppData\Local\...}, fedcm:accounts: true, goog:chromeOptions: {debuggerAddress: localhost:60901}, goog:processID: 15356, networkConnectionEnabled: false, pageLoadStrategy: normal, platformName: windows, proxy: Proxy(), se:cdp: ws://localhost:60901/devtoo..., se:cdpVersion: 151.0.7922.77, setWindowRect: true, strictFileInteractability: false, timeouts: {implicit: 0, pageLoad: 300000, script: 30000}, unhandledPromptBehavior: dismiss and notify, webauthn:extension:credBlob: true, webauthn:extension:largeBlob: true, webauthn:extension:minPinLength: true, webauthn:extension:prf: true, webauthn:virtualAuthenticators: true}
Session ID: 1aff19fed7bd1b8986f8187ff88519fc
	at org.openqa.selenium.remote.http.jdk.JdkHttpClient.execute(JdkHttpClient.java:429)
	at org.openqa.selenium.remote.HttpCommandExecutor.execute(HttpCommandExecutor.java:220)
	at org.openqa.selenium.remote.service.DriverCommandExecutor.invokeExecute(DriverCommandExecutor.java:216)
	at org.openqa.selenium.remote.service.DriverCommandExecutor.execute(DriverCommandExecutor.java:174)
	at org.openqa.selenium.remote.RemoteWebDriver.execute(RemoteWebDriver.java:604)
	at org.openqa.selenium.remote.RemoteWebDriver.get(RemoteWebDriver.java:372)
	at com.automation.pages.FlipkartHomePage.openFlipkart(FlipkartHomePage.java:20)
	at com.automation.stepdefs.SearchSteps.user_is_on_flipkart_homepage(SearchSteps.java:15)
	at ✽.user is on Flipkart homepage(file:///C:/Users/W11/eclipse-workspace/CucumberSeleniumBDDFramework_Flipkart/src/test/resources/features/search.feature:6)
Caused by: java.util.concurrent.TimeoutException
	at java.base/java.util.concurrent.CompletableFuture$Timeout.run(CompletableFuture.java:2920)
	at java.base/java.util.concurrent.Executors$RunnableAdapter.call(Executors.java:572)
	at java.base/java.util.concurrent.FutureTask.run(FutureTask.java:317)
	at java.base/java.util.concurrent.ScheduledThreadPoolExecutor$ScheduledFutureTask.run(ScheduledThreadPoolExecutor.java:304)
	at java.base/java.util.concurrent.ThreadPoolExecutor.runWorker(ThreadPoolExecutor.java:1144)
	at java.base/java.util.concurrent.ThreadPoolExecutor$Worker.run(ThreadPoolExecutor.java:642)
	at java.base/java.lang.Thread.run(Thread.java:1583)
]]></failure>
    <system-out><![CDATA[
@smoke @regression @valid
Scenario Outline: Valid search for multiple products        # src/test/resources/features/search.feature:11
2026-08-10 15:03:48 INFO  LoggerUtil:14 - Starting scenario: Valid search for multiple products
  ✘ Given user is on Flipkart homepage                      # com.automation.stepdefs.SearchSteps.user_is_on_flipkart_homepage()
        org.openqa.selenium.TimeoutException: java.util.concurrent.TimeoutException
        Build info: version: '4.41.0', revision: '9fc754f'
        System info: os.name: 'Windows 11', os.arch: 'amd64', os.version: '10.0', java.version: '21.0.12'
        Driver info: org.openqa.selenium.chrome.ChromeDriver
        Command: [1aff19fed7bd1b8986f8187ff88519fc, get {url=https://www.flipkart.com/}]
        Capabilities {acceptInsecureCerts: false, browserName: chrome, browserVersion: 151.0.7922.77, chrome: {chromedriverVersion: 151.0.7922.77 (ff37cfca2101..., userDataDir: C:\Users\W11\AppData\Local\...}, fedcm:accounts: true, goog:chromeOptions: {debuggerAddress: localhost:60901}, goog:processID: 15356, networkConnectionEnabled: false, pageLoadStrategy: normal, platformName: windows, proxy: Proxy(), se:cdp: ws://localhost:60901/devtoo..., se:cdpVersion: 151.0.7922.77, setWindowRect: true, strictFileInteractability: false, timeouts: {implicit: 0, pageLoad: 300000, script: 30000}, unhandledPromptBehavior: dismiss and notify, webauthn:extension:credBlob: true, webauthn:extension:largeBlob: true, webauthn:extension:minPinLength: true, webauthn:extension:prf: true, webauthn:virtualAuthenticators: true}
        Session ID: 1aff19fed7bd1b8986f8187ff88519fc
        	at org.openqa.selenium.remote.http.jdk.JdkHttpClient.execute(JdkHttpClient.java:429)
        	at org.openqa.selenium.remote.HttpCommandExecutor.execute(HttpCommandExecutor.java:220)
        	at org.openqa.selenium.remote.service.DriverCommandExecutor.invokeExecute(DriverCommandExecutor.java:216)
        	at org.openqa.selenium.remote.service.DriverCommandExecutor.execute(DriverCommandExecutor.java:174)
        	at org.openqa.selenium.remote.RemoteWebDriver.execute(RemoteWebDriver.java:604)
        	at org.openqa.selenium.remote.RemoteWebDriver.get(RemoteWebDriver.java:372)
        	at com.automation.pages.FlipkartHomePage.openFlipkart(FlipkartHomePage.java:20)
        	at com.automation.stepdefs.SearchSteps.user_is_on_flipkart_homepage(SearchSteps.java:15)
        	at ✽.user is on Flipkart homepage(file:///C:/Users/W11/eclipse-workspace/CucumberSeleniumBDDFramework_Flipkart/src/test/resources/features/search.feature:6)
        Caused by: java.util.concurrent.TimeoutException
        	at java.base/java.util.concurrent.CompletableFuture$Timeout.run(CompletableFuture.java:2920)
        	at java.base/java.util.concurrent.Executors$RunnableAdapter.call(Executors.java:572)
        	at java.base/java.util.concurrent.FutureTask.run(FutureTask.java:317)
        	at java.base/java.util.concurrent.ScheduledThreadPoolExecutor$ScheduledFutureTask.run(ScheduledThreadPoolExecutor.java:304)
        	at java.base/java.util.concurrent.ThreadPoolExecutor.runWorker(ThreadPoolExecutor.java:1144)
        	at java.base/java.util.concurrent.ThreadPoolExecutor$Worker.run(ThreadPoolExecutor.java:642)
        	at java.base/java.lang.Thread.run(Thread.java:1583)
  ↷ When user searches for "iPhone 16"                      # com.automation.stepdefs.SearchSteps.user_searches_for(java.lang.String)
  ↷ Then search results should be displayed for "iPhone 16" # com.automation.stepdefs.SearchSteps.search_results_should_be_displayed_for(java.lang.String)

        Embedding Failed Screenshot [image/png 6270 bytes]

2026-08-10 15:08:51 ERROR LoggerUtil:23 - Scenario FAILED: Valid search for multiple products
2026-08-10 15:08:51 INFO  LoggerUtil:26 - Scenario finished: Valid search for multiple products
]]></system-out>
    <system-err><![CDATA[Aug 10, 2026 3:03:50 PM org.openqa.selenium.devtools.CdpVersionFinder findNearestMatch
WARNING: Unable to find CDP implementation matching 151
Aug 10, 2026 3:03:50 PM org.openqa.selenium.chromium.ChromiumDriver lambda$new$4
WARNING: Unable to find version of CDP to use for 151.0.7922.77. You may need to include a dependency on a specific version of the CDP using something similar to `org.seleniumhq.selenium:selenium-devtools-v86:4.41.0` where the version ("v86") matches the version of the chromium-based browser you're using and the version number of the artifact is the same as Selenium's.
]]></system-err>
  </testcase>
  <testcase name="runScenario[&quot;Valid search for multiple products&quot;, &quot;Product Search on Flipkart&quot;](2)" classname="com.automation.runner.TestRunner" time="360.98">
    <failure message="java.util.concurrent.TimeoutException&#10;Build info: version: &apos;4.41.0&apos;, revision: &apos;9fc754f&apos;&#10;System info: os.name: &apos;Windows 11&apos;, os.arch: &apos;amd64&apos;, os.version: &apos;10.0&apos;, java.version: &apos;21.0.12&apos;&#10;Driver info: org.openqa.selenium.chrome.ChromeDriver&#10;Command: [11432d06faf9be39732a7bfebd76828d, get {url=https://www.flipkart.com/}]&#10;Capabilities {acceptInsecureCerts: false, browserName: chrome, browserVersion: 151.0.7922.77, chrome: {chromedriverVersion: 151.0.7922.77 (ff37cfca2101..., userDataDir: C:\Users\W11\AppData\Local\...}, fedcm:accounts: true, goog:chromeOptions: {debuggerAddress: localhost:59638}, goog:processID: 13444, networkConnectionEnabled: false, pageLoadStrategy: normal, platformName: windows, proxy: Proxy(), se:cdp: ws://localhost:59638/devtoo..., se:cdpVersion: 151.0.7922.77, setWindowRect: true, strictFileInteractability: false, timeouts: {implicit: 0, pageLoad: 300000, script: 30000}, unhandledPromptBehavior: dismiss and notify, webauthn:extension:credBlob: true, webauthn:extension:largeBlob: true, webauthn:extension:minPinLength: true, webauthn:extension:prf: true, webauthn:virtualAuthenticators: true}&#10;Session ID: 11432d06faf9be39732a7bfebd76828d" type="org.openqa.selenium.TimeoutException"><![CDATA[org.openqa.selenium.TimeoutException: 
java.util.concurrent.TimeoutException
Build info: version: '4.41.0', revision: '9fc754f'
System info: os.name: 'Windows 11', os.arch: 'amd64', os.version: '10.0', java.version: '21.0.12'
Driver info: org.openqa.selenium.chrome.ChromeDriver
Command: [11432d06faf9be39732a7bfebd76828d, get {url=https://www.flipkart.com/}]
Capabilities {acceptInsecureCerts: false, browserName: chrome, browserVersion: 151.0.7922.77, chrome: {chromedriverVersion: 151.0.7922.77 (ff37cfca2101..., userDataDir: C:\Users\W11\AppData\Local\...}, fedcm:accounts: true, goog:chromeOptions: {debuggerAddress: localhost:59638}, goog:processID: 13444, networkConnectionEnabled: false, pageLoadStrategy: normal, platformName: windows, proxy: Proxy(), se:cdp: ws://localhost:59638/devtoo..., se:cdpVersion: 151.0.7922.77, setWindowRect: true, strictFileInteractability: false, timeouts: {implicit: 0, pageLoad: 300000, script: 30000}, unhandledPromptBehavior: dismiss and notify, webauthn:extension:credBlob: true, webauthn:extension:largeBlob: true, webauthn:extension:minPinLength: true, webauthn:extension:prf: true, webauthn:virtualAuthenticators: true}
Session ID: 11432d06faf9be39732a7bfebd76828d
	at org.openqa.selenium.remote.http.jdk.JdkHttpClient.execute(JdkHttpClient.java:429)
	at org.openqa.selenium.remote.HttpCommandExecutor.execute(HttpCommandExecutor.java:220)
	at org.openqa.selenium.remote.service.DriverCommandExecutor.invokeExecute(DriverCommandExecutor.java:216)
	at org.openqa.selenium.remote.service.DriverCommandExecutor.execute(DriverCommandExecutor.java:174)
	at org.openqa.selenium.remote.RemoteWebDriver.execute(RemoteWebDriver.java:604)
	at org.openqa.selenium.remote.RemoteWebDriver.get(RemoteWebDriver.java:372)
	at com.automation.pages.FlipkartHomePage.openFlipkart(FlipkartHomePage.java:20)
	at com.automation.stepdefs.SearchSteps.user_is_on_flipkart_homepage(SearchSteps.java:15)
	at ✽.user is on Flipkart homepage(file:///C:/Users/W11/eclipse-workspace/CucumberSeleniumBDDFramework_Flipkart/src/test/resources/features/search.feature:6)
Caused by: java.util.concurrent.TimeoutException
	at java.base/java.util.concurrent.CompletableFuture$Timeout.run(CompletableFuture.java:2920)
	at java.base/java.util.concurrent.Executors$RunnableAdapter.call(Executors.java:572)
	at java.base/java.util.concurrent.FutureTask.run(FutureTask.java:317)
	at java.base/java.util.concurrent.ScheduledThreadPoolExecutor$ScheduledFutureTask.run(ScheduledThreadPoolExecutor.java:304)
	at java.base/java.util.concurrent.ThreadPoolExecutor.runWorker(ThreadPoolExecutor.java:1144)
	at java.base/java.util.concurrent.ThreadPoolExecutor$Worker.run(ThreadPoolExecutor.java:642)
	at java.base/java.lang.Thread.run(Thread.java:1583)
]]></failure>
    <system-out><![CDATA[
@smoke @regression @valid
Scenario Outline: Valid search for multiple products             # src/test/resources/features/search.feature:12
2026-08-10 15:08:51 INFO  LoggerUtil:14 - Starting scenario: Valid search for multiple products
  ✘ Given user is on Flipkart homepage                           # com.automation.stepdefs.SearchSteps.user_is_on_flipkart_homepage()
        org.openqa.selenium.TimeoutException: java.util.concurrent.TimeoutException
        Build info: version: '4.41.0', revision: '9fc754f'
        System info: os.name: 'Windows 11', os.arch: 'amd64', os.version: '10.0', java.version: '21.0.12'
        Driver info: org.openqa.selenium.chrome.ChromeDriver
        Command: [11432d06faf9be39732a7bfebd76828d, get {url=https://www.flipkart.com/}]
        Capabilities {acceptInsecureCerts: false, browserName: chrome, browserVersion: 151.0.7922.77, chrome: {chromedriverVersion: 151.0.7922.77 (ff37cfca2101..., userDataDir: C:\Users\W11\AppData\Local\...}, fedcm:accounts: true, goog:chromeOptions: {debuggerAddress: localhost:59638}, goog:processID: 13444, networkConnectionEnabled: false, pageLoadStrategy: normal, platformName: windows, proxy: Proxy(), se:cdp: ws://localhost:59638/devtoo..., se:cdpVersion: 151.0.7922.77, setWindowRect: true, strictFileInteractability: false, timeouts: {implicit: 0, pageLoad: 300000, script: 30000}, unhandledPromptBehavior: dismiss and notify, webauthn:extension:credBlob: true, webauthn:extension:largeBlob: true, webauthn:extension:minPinLength: true, webauthn:extension:prf: true, webauthn:virtualAuthenticators: true}
        Session ID: 11432d06faf9be39732a7bfebd76828d
        	at org.openqa.selenium.remote.http.jdk.JdkHttpClient.execute(JdkHttpClient.java:429)
        	at org.openqa.selenium.remote.HttpCommandExecutor.execute(HttpCommandExecutor.java:220)
        	at org.openqa.selenium.remote.service.DriverCommandExecutor.invokeExecute(DriverCommandExecutor.java:216)
        	at org.openqa.selenium.remote.service.DriverCommandExecutor.execute(DriverCommandExecutor.java:174)
        	at org.openqa.selenium.remote.RemoteWebDriver.execute(RemoteWebDriver.java:604)
        	at org.openqa.selenium.remote.RemoteWebDriver.get(RemoteWebDriver.java:372)
        	at com.automation.pages.FlipkartHomePage.openFlipkart(FlipkartHomePage.java:20)
        	at com.automation.stepdefs.SearchSteps.user_is_on_flipkart_homepage(SearchSteps.java:15)
        	at ✽.user is on Flipkart homepage(file:///C:/Users/W11/eclipse-workspace/CucumberSeleniumBDDFramework_Flipkart/src/test/resources/features/search.feature:6)
        Caused by: java.util.concurrent.TimeoutException
        	at java.base/java.util.concurrent.CompletableFuture$Timeout.run(CompletableFuture.java:2920)
        	at java.base/java.util.concurrent.Executors$RunnableAdapter.call(Executors.java:572)
        	at java.base/java.util.concurrent.FutureTask.run(FutureTask.java:317)
        	at java.base/java.util.concurrent.ScheduledThreadPoolExecutor$ScheduledFutureTask.run(ScheduledThreadPoolExecutor.java:304)
        	at java.base/java.util.concurrent.ThreadPoolExecutor.runWorker(ThreadPoolExecutor.java:1144)
        	at java.base/java.util.concurrent.ThreadPoolExecutor$Worker.run(ThreadPoolExecutor.java:642)
        	at java.base/java.lang.Thread.run(Thread.java:1583)
  ↷ When user searches for "Samsung Galaxy"                      # com.automation.stepdefs.SearchSteps.user_searches_for(java.lang.String)
  ↷ Then search results should be displayed for "Samsung Galaxy" # com.automation.stepdefs.SearchSteps.search_results_should_be_displayed_for(java.lang.String)
        org.openqa.selenium.TimeoutException: java.util.concurrent.TimeoutException
        Build info: version: '4.41.0', revision: '9fc754f'
        System info: os.name: 'Windows 11', os.arch: 'amd64', os.version: '10.0', java.version: '21.0.12'
        Driver info: org.openqa.selenium.chrome.ChromeDriver
        Command: [11432d06faf9be39732a7bfebd76828d, screenshot {}]
        Capabilities {acceptInsecureCerts: false, browserName: chrome, browserVersion: 151.0.7922.77, chrome: {chromedriverVersion: 151.0.7922.77 (ff37cfca2101..., userDataDir: C:\Users\W11\AppData\Local\...}, fedcm:accounts: true, goog:chromeOptions: {debuggerAddress: localhost:59638}, goog:processID: 13444, networkConnectionEnabled: false, pageLoadStrategy: normal, platformName: windows, proxy: Proxy(), se:cdp: ws://localhost:59638/devtoo..., se:cdpVersion: 151.0.7922.77, setWindowRect: true, strictFileInteractability: false, timeouts: {implicit: 0, pageLoad: 300000, script: 30000}, unhandledPromptBehavior: dismiss and notify, webauthn:extension:credBlob: true, webauthn:extension:largeBlob: true, webauthn:extension:minPinLength: true, webauthn:extension:prf: true, webauthn:virtualAuthenticators: true}
        Session ID: 11432d06faf9be39732a7bfebd76828d
        	at org.openqa.selenium.remote.http.jdk.JdkHttpClient.execute(JdkHttpClient.java:429)
        	at org.openqa.selenium.remote.HttpCommandExecutor.execute(HttpCommandExecutor.java:220)
        	at org.openqa.selenium.remote.service.DriverCommandExecutor.invokeExecute(DriverCommandExecutor.java:216)
        	at org.openqa.selenium.remote.service.DriverCommandExecutor.execute(DriverCommandExecutor.java:174)
        	at org.openqa.selenium.remote.RemoteWebDriver.execute(RemoteWebDriver.java:604)
        	at org.openqa.selenium.remote.RemoteWebDriver.execute(RemoteWebDriver.java:686)
        	at org.openqa.selenium.remote.RemoteWebDriver.execute(RemoteWebDriver.java:690)
        	at org.openqa.selenium.remote.RemoteWebDriver.getScreenshotAs(RemoteWebDriver.java:393)
        	at com.automation.hooks.Hooks.tearDown(Hooks.java:21)
        Caused by: java.util.concurrent.TimeoutException
        	at java.base/java.util.concurrent.CompletableFuture$Timeout.run(CompletableFuture.java:2920)
        	at java.base/java.util.concurrent.Executors$RunnableAdapter.call(Executors.java:572)
        	at java.base/java.util.concurrent.FutureTask.run(FutureTask.java:317)
        	at java.base/java.util.concurrent.ScheduledThreadPoolExecutor$ScheduledFutureTask.run(ScheduledThreadPoolExecutor.java:304)
        	at java.base/java.util.concurrent.ThreadPoolExecutor.runWorker(ThreadPoolExecutor.java:1144)
        	at java.base/java.util.concurrent.ThreadPoolExecutor$Worker.run(ThreadPoolExecutor.java:642)
        	at java.base/java.lang.Thread.run(Thread.java:1583)
]]></system-out>
    <system-err><![CDATA[Aug 10, 2026 3:08:52 PM org.openqa.selenium.devtools.CdpVersionFinder findNearestMatch
WARNING: Unable to find CDP implementation matching 151
Aug 10, 2026 3:08:52 PM org.openqa.selenium.chromium.ChromiumDriver lambda$new$4
WARNING: Unable to find version of CDP to use for 151.0.7922.77. You may need to include a dependency on a specific version of the CDP using something similar to `org.seleniumhq.selenium:selenium-devtools-v86:4.41.0` where the version ("v86") matches the version of the chromium-based browser you're using and the version number of the artifact is the same as Selenium's.
]]></system-err>
  </testcase>
  <testcase name="runScenario[&quot;Valid search for multiple products&quot;, &quot;Product Search on Flipkart&quot;](3)" classname="com.automation.runner.TestRunner" time="192.659">
    <failure message="Timeout when executing request (POST http://localhost:26069/session/11432d06faf9be39732a7bfebd76828d/url)&#10;Build info: version: &apos;4.41.0&apos;, revision: &apos;9fc754f&apos;&#10;System info: os.name: &apos;Windows 11&apos;, os.arch: &apos;amd64&apos;, os.version: &apos;10.0&apos;, java.version: &apos;21.0.12&apos;&#10;Driver info: org.openqa.selenium.chrome.ChromeDriver&#10;Command: [11432d06faf9be39732a7bfebd76828d, get {url=https://www.flipkart.com/}]&#10;Capabilities {acceptInsecureCerts: false, browserName: chrome, browserVersion: 151.0.7922.77, chrome: {chromedriverVersion: 151.0.7922.77 (ff37cfca2101..., userDataDir: C:\Users\W11\AppData\Local\...}, fedcm:accounts: true, goog:chromeOptions: {debuggerAddress: localhost:59638}, goog:processID: 13444, networkConnectionEnabled: false, pageLoadStrategy: normal, platformName: windows, proxy: Proxy(), se:cdp: ws://localhost:59638/devtoo..., se:cdpVersion: 151.0.7922.77, setWindowRect: true, strictFileInteractability: false, timeouts: {implicit: 0, pageLoad: 300000, script: 30000}, unhandledPromptBehavior: dismiss and notify, webauthn:extension:credBlob: true, webauthn:extension:largeBlob: true, webauthn:extension:minPinLength: true, webauthn:extension:prf: true, webauthn:virtualAuthenticators: true}&#10;Session ID: 11432d06faf9be39732a7bfebd76828d" type="org.openqa.selenium.TimeoutException"><![CDATA[org.openqa.selenium.TimeoutException: 
Timeout when executing request (POST http://localhost:26069/session/11432d06faf9be39732a7bfebd76828d/url)
Build info: version: '4.41.0', revision: '9fc754f'
System info: os.name: 'Windows 11', os.arch: 'amd64', os.version: '10.0', java.version: '21.0.12'
Driver info: org.openqa.selenium.chrome.ChromeDriver
Command: [11432d06faf9be39732a7bfebd76828d, get {url=https://www.flipkart.com/}]
Capabilities {acceptInsecureCerts: false, browserName: chrome, browserVersion: 151.0.7922.77, chrome: {chromedriverVersion: 151.0.7922.77 (ff37cfca2101..., userDataDir: C:\Users\W11\AppData\Local\...}, fedcm:accounts: true, goog:chromeOptions: {debuggerAddress: localhost:59638}, goog:processID: 13444, networkConnectionEnabled: false, pageLoadStrategy: normal, platformName: windows, proxy: Proxy(), se:cdp: ws://localhost:59638/devtoo..., se:cdpVersion: 151.0.7922.77, setWindowRect: true, strictFileInteractability: false, timeouts: {implicit: 0, pageLoad: 300000, script: 30000}, unhandledPromptBehavior: dismiss and notify, webauthn:extension:credBlob: true, webauthn:extension:largeBlob: true, webauthn:extension:minPinLength: true, webauthn:extension:prf: true, webauthn:virtualAuthenticators: true}
Session ID: 11432d06faf9be39732a7bfebd76828d
	at org.openqa.selenium.remote.http.jdk.JdkHttpClient.execute0(JdkHttpClient.java:485)
	at org.openqa.selenium.remote.http.AddSeleniumUserAgent.lambda$apply$0(AddSeleniumUserAgent.java:44)
	at org.openqa.selenium.remote.http.Filter.lambda$andFinally$1(Filter.java:55)
	at org.openqa.selenium.remote.http.jdk.JdkHttpClient.lambda$executeAsync$2(JdkHttpClient.java:389)
	at java.base/java.util.concurrent.Executors$RunnableAdapter.call(Executors.java:572)
	at java.base/java.util.concurrent.FutureTask.run(FutureTask.java:317)
	at java.base/java.util.concurrent.ThreadPoolExecutor.runWorker(ThreadPoolExecutor.java:1144)
	at java.base/java.util.concurrent.ThreadPoolExecutor$Worker.run(ThreadPoolExecutor.java:642)
	at java.base/java.lang.Thread.run(Thread.java:1583)
Caused by: java.net.http.HttpTimeoutException: request timed out
	at java.net.http/jdk.internal.net.http.HttpClientImpl.send(HttpClientImpl.java:953)
	at java.net.http/jdk.internal.net.http.HttpClientFacade.send(HttpClientFacade.java:133)
	at org.openqa.selenium.remote.http.jdk.JdkHttpClient.execute0(JdkHttpClient.java:463)
	... 8 more
]]></failure>
    <system-out><![CDATA[
@smoke @regression @valid
Scenario Outline: Valid search for multiple products               # src/test/resources/features/search.feature:13
2026-08-10 15:14:52 INFO  LoggerUtil:14 - Starting scenario: Valid search for multiple products
  ✘ Given user is on Flipkart homepage                             # com.automation.stepdefs.SearchSteps.user_is_on_flipkart_homepage()
        org.openqa.selenium.TimeoutException: Timeout when executing request (POST http://localhost:26069/session/11432d06faf9be39732a7bfebd76828d/url)
        Build info: version: '4.41.0', revision: '9fc754f'
        System info: os.name: 'Windows 11', os.arch: 'amd64', os.version: '10.0', java.version: '21.0.12'
        Driver info: org.openqa.selenium.chrome.ChromeDriver
        Command: [11432d06faf9be39732a7bfebd76828d, get {url=https://www.flipkart.com/}]
        Capabilities {acceptInsecureCerts: false, browserName: chrome, browserVersion: 151.0.7922.77, chrome: {chromedriverVersion: 151.0.7922.77 (ff37cfca2101..., userDataDir: C:\Users\W11\AppData\Local\...}, fedcm:accounts: true, goog:chromeOptions: {debuggerAddress: localhost:59638}, goog:processID: 13444, networkConnectionEnabled: false, pageLoadStrategy: normal, platformName: windows, proxy: Proxy(), se:cdp: ws://localhost:59638/devtoo..., se:cdpVersion: 151.0.7922.77, setWindowRect: true, strictFileInteractability: false, timeouts: {implicit: 0, pageLoad: 300000, script: 30000}, unhandledPromptBehavior: dismiss and notify, webauthn:extension:credBlob: true, webauthn:extension:largeBlob: true, webauthn:extension:minPinLength: true, webauthn:extension:prf: true, webauthn:virtualAuthenticators: true}
        Session ID: 11432d06faf9be39732a7bfebd76828d
        	at org.openqa.selenium.remote.http.jdk.JdkHttpClient.execute0(JdkHttpClient.java:485)
        	at org.openqa.selenium.remote.http.AddSeleniumUserAgent.lambda$apply$0(AddSeleniumUserAgent.java:44)
        	at org.openqa.selenium.remote.http.Filter.lambda$andFinally$1(Filter.java:55)
        	at org.openqa.selenium.remote.http.jdk.JdkHttpClient.lambda$executeAsync$2(JdkHttpClient.java:389)
        	at java.base/java.util.concurrent.Executors$RunnableAdapter.call(Executors.java:572)
        	at java.base/java.util.concurrent.FutureTask.run(FutureTask.java:317)
        	at java.base/java.util.concurrent.ThreadPoolExecutor.runWorker(ThreadPoolExecutor.java:1144)
        	at java.base/java.util.concurrent.ThreadPoolExecutor$Worker.run(ThreadPoolExecutor.java:642)
        	at java.base/java.lang.Thread.run(Thread.java:1583)
        Caused by: java.net.http.HttpTimeoutException: request timed out
        	at java.net.http/jdk.internal.net.http.HttpClientImpl.send(HttpClientImpl.java:953)
        	at java.net.http/jdk.internal.net.http.HttpClientFacade.send(HttpClientFacade.java:133)
        	at org.openqa.selenium.remote.http.jdk.JdkHttpClient.execute0(JdkHttpClient.java:463)
        	... 8 more
  ↷ When user searches for "Wireless Earbuds"                      # com.automation.stepdefs.SearchSteps.user_searches_for(java.lang.String)
  ↷ Then search results should be displayed for "Wireless Earbuds" # com.automation.stepdefs.SearchSteps.search_results_should_be_displayed_for(java.lang.String)

        Embedding Failed Screenshot [image/png 133437 bytes]

2026-08-10 15:18:04 ERROR LoggerUtil:23 - Scenario FAILED: Valid search for multiple products
2026-08-10 15:18:04 INFO  LoggerUtil:26 - Scenario finished: Valid search for multiple products
]]></system-out>
  </testcase>
  <testcase name="runScenario[&quot;Valid search for multiple products&quot;, &quot;Product Search on Flipkart&quot;](4)" classname="com.automation.runner.TestRunner" time="248.795">
    <failure message="java.util.concurrent.TimeoutException&#10;Build info: version: &apos;4.41.0&apos;, revision: &apos;9fc754f&apos;&#10;System info: os.name: &apos;Windows 11&apos;, os.arch: &apos;amd64&apos;, os.version: &apos;10.0&apos;, java.version: &apos;21.0.12&apos;&#10;Driver info: org.openqa.selenium.chrome.ChromeDriver&#10;Command: [f9dc64868b00acd37fa159c27d47daa6, get {url=https://www.flipkart.com/}]&#10;Capabilities {acceptInsecureCerts: false, browserName: chrome, browserVersion: 151.0.7922.77, chrome: {chromedriverVersion: 151.0.7922.77 (ff37cfca2101..., userDataDir: C:\Users\W11\AppData\Local\...}, fedcm:accounts: true, goog:chromeOptions: {debuggerAddress: localhost:59144}, goog:processID: 15696, networkConnectionEnabled: false, pageLoadStrategy: normal, platformName: windows, proxy: Proxy(), se:cdp: ws://localhost:59144/devtoo..., se:cdpVersion: 151.0.7922.77, setWindowRect: true, strictFileInteractability: false, timeouts: {implicit: 0, pageLoad: 300000, script: 30000}, unhandledPromptBehavior: dismiss and notify, webauthn:extension:credBlob: true, webauthn:extension:largeBlob: true, webauthn:extension:minPinLength: true, webauthn:extension:prf: true, webauthn:virtualAuthenticators: true}&#10;Session ID: f9dc64868b00acd37fa159c27d47daa6" type="org.openqa.selenium.TimeoutException"><![CDATA[org.openqa.selenium.TimeoutException: 
java.util.concurrent.TimeoutException
Build info: version: '4.41.0', revision: '9fc754f'
System info: os.name: 'Windows 11', os.arch: 'amd64', os.version: '10.0', java.version: '21.0.12'
Driver info: org.openqa.selenium.chrome.ChromeDriver
Command: [f9dc64868b00acd37fa159c27d47daa6, get {url=https://www.flipkart.com/}]
Capabilities {acceptInsecureCerts: false, browserName: chrome, browserVersion: 151.0.7922.77, chrome: {chromedriverVersion: 151.0.7922.77 (ff37cfca2101..., userDataDir: C:\Users\W11\AppData\Local\...}, fedcm:accounts: true, goog:chromeOptions: {debuggerAddress: localhost:59144}, goog:processID: 15696, networkConnectionEnabled: false, pageLoadStrategy: normal, platformName: windows, proxy: Proxy(), se:cdp: ws://localhost:59144/devtoo..., se:cdpVersion: 151.0.7922.77, setWindowRect: true, strictFileInteractability: false, timeouts: {implicit: 0, pageLoad: 300000, script: 30000}, unhandledPromptBehavior: dismiss and notify, webauthn:extension:credBlob: true, webauthn:extension:largeBlob: true, webauthn:extension:minPinLength: true, webauthn:extension:prf: true, webauthn:virtualAuthenticators: true}
Session ID: f9dc64868b00acd37fa159c27d47daa6
	at org.openqa.selenium.remote.http.jdk.JdkHttpClient.execute(JdkHttpClient.java:429)
	at org.openqa.selenium.remote.HttpCommandExecutor.execute(HttpCommandExecutor.java:220)
	at org.openqa.selenium.remote.service.DriverCommandExecutor.invokeExecute(DriverCommandExecutor.java:216)
	at org.openqa.selenium.remote.service.DriverCommandExecutor.execute(DriverCommandExecutor.java:174)
	at org.openqa.selenium.remote.RemoteWebDriver.execute(RemoteWebDriver.java:604)
	at org.openqa.selenium.remote.RemoteWebDriver.get(RemoteWebDriver.java:372)
	at com.automation.pages.FlipkartHomePage.openFlipkart(FlipkartHomePage.java:20)
	at com.automation.stepdefs.SearchSteps.user_is_on_flipkart_homepage(SearchSteps.java:15)
	at ✽.user is on Flipkart homepage(file:///C:/Users/W11/eclipse-workspace/CucumberSeleniumBDDFramework_Flipkart/src/test/resources/features/search.feature:6)
Caused by: java.util.concurrent.TimeoutException
	at java.base/java.util.concurrent.CompletableFuture$Timeout.run(CompletableFuture.java:2920)
	at java.base/java.util.concurrent.Executors$RunnableAdapter.call(Executors.java:572)
	at java.base/java.util.concurrent.FutureTask.run(FutureTask.java:317)
	at java.base/java.util.concurrent.ScheduledThreadPoolExecutor$ScheduledFutureTask.run(ScheduledThreadPoolExecutor.java:304)
	at java.base/java.util.concurrent.ThreadPoolExecutor.runWorker(ThreadPoolExecutor.java:1144)
	at java.base/java.util.concurrent.ThreadPoolExecutor$Worker.run(ThreadPoolExecutor.java:642)
	at java.base/java.lang.Thread.run(Thread.java:1583)
]]></failure>
    <system-out><![CDATA[
@smoke @regression @valid
Scenario Outline: Valid search for multiple products     # src/test/resources/features/search.feature:14
2026-08-10 15:18:04 INFO  LoggerUtil:14 - Starting scenario: Valid search for multiple products
  ✘ Given user is on Flipkart homepage                   # com.automation.stepdefs.SearchSteps.user_is_on_flipkart_homepage()
        org.openqa.selenium.TimeoutException: java.util.concurrent.TimeoutException
        Build info: version: '4.41.0', revision: '9fc754f'
        System info: os.name: 'Windows 11', os.arch: 'amd64', os.version: '10.0', java.version: '21.0.12'
        Driver info: org.openqa.selenium.chrome.ChromeDriver
        Command: [f9dc64868b00acd37fa159c27d47daa6, get {url=https://www.flipkart.com/}]
        Capabilities {acceptInsecureCerts: false, browserName: chrome, browserVersion: 151.0.7922.77, chrome: {chromedriverVersion: 151.0.7922.77 (ff37cfca2101..., userDataDir: C:\Users\W11\AppData\Local\...}, fedcm:accounts: true, goog:chromeOptions: {debuggerAddress: localhost:59144}, goog:processID: 15696, networkConnectionEnabled: false, pageLoadStrategy: normal, platformName: windows, proxy: Proxy(), se:cdp: ws://localhost:59144/devtoo..., se:cdpVersion: 151.0.7922.77, setWindowRect: true, strictFileInteractability: false, timeouts: {implicit: 0, pageLoad: 300000, script: 30000}, unhandledPromptBehavior: dismiss and notify, webauthn:extension:credBlob: true, webauthn:extension:largeBlob: true, webauthn:extension:minPinLength: true, webauthn:extension:prf: true, webauthn:virtualAuthenticators: true}
        Session ID: f9dc64868b00acd37fa159c27d47daa6
        	at org.openqa.selenium.remote.http.jdk.JdkHttpClient.execute(JdkHttpClient.java:429)
        	at org.openqa.selenium.remote.HttpCommandExecutor.execute(HttpCommandExecutor.java:220)
        	at org.openqa.selenium.remote.service.DriverCommandExecutor.invokeExecute(DriverCommandExecutor.java:216)
        	at org.openqa.selenium.remote.service.DriverCommandExecutor.execute(DriverCommandExecutor.java:174)
        	at org.openqa.selenium.remote.RemoteWebDriver.execute(RemoteWebDriver.java:604)
        	at org.openqa.selenium.remote.RemoteWebDriver.get(RemoteWebDriver.java:372)
        	at com.automation.pages.FlipkartHomePage.openFlipkart(FlipkartHomePage.java:20)
        	at com.automation.stepdefs.SearchSteps.user_is_on_flipkart_homepage(SearchSteps.java:15)
        	at ✽.user is on Flipkart homepage(file:///C:/Users/W11/eclipse-workspace/CucumberSeleniumBDDFramework_Flipkart/src/test/resources/features/search.feature:6)
        Caused by: java.util.concurrent.TimeoutException
        	at java.base/java.util.concurrent.CompletableFuture$Timeout.run(CompletableFuture.java:2920)
        	at java.base/java.util.concurrent.Executors$RunnableAdapter.call(Executors.java:572)
        	at java.base/java.util.concurrent.FutureTask.run(FutureTask.java:317)
        	at java.base/java.util.concurrent.ScheduledThreadPoolExecutor$ScheduledFutureTask.run(ScheduledThreadPoolExecutor.java:304)
        	at java.base/java.util.concurrent.ThreadPoolExecutor.runWorker(ThreadPoolExecutor.java:1144)
        	at java.base/java.util.concurrent.ThreadPoolExecutor$Worker.run(ThreadPoolExecutor.java:642)
        	at java.base/java.lang.Thread.run(Thread.java:1583)
  ↷ When user searches for "Laptop"                      # com.automation.stepdefs.SearchSteps.user_searches_for(java.lang.String)
  ↷ Then search results should be displayed for "Laptop" # com.automation.stepdefs.SearchSteps.search_results_should_be_displayed_for(java.lang.String)
        org.openqa.selenium.NoSuchWindowException: no such window: target window already closed
        from unknown error: web view not found
          (Session info: chrome=151.0.7922.77)
        Build info: version: '4.41.0', revision: '9fc754f'
        System info: os.name: 'Windows 11', os.arch: 'amd64', os.version: '10.0', java.version: '21.0.12'
        Driver info: org.openqa.selenium.chrome.ChromeDriver
        Command: [f9dc64868b00acd37fa159c27d47daa6, screenshot {}]
        Capabilities {acceptInsecureCerts: false, browserName: chrome, browserVersion: 151.0.7922.77, chrome: {chromedriverVersion: 151.0.7922.77 (ff37cfca2101..., userDataDir: C:\Users\W11\AppData\Local\...}, fedcm:accounts: true, goog:chromeOptions: {debuggerAddress: localhost:59144}, goog:processID: 15696, networkConnectionEnabled: false, pageLoadStrategy: normal, platformName: windows, proxy: Proxy(), se:cdp: ws://localhost:59144/devtoo..., se:cdpVersion: 151.0.7922.77, setWindowRect: true, strictFileInteractability: false, timeouts: {implicit: 0, pageLoad: 300000, script: 30000}, unhandledPromptBehavior: dismiss and notify, webauthn:extension:credBlob: true, webauthn:extension:largeBlob: true, webauthn:extension:minPinLength: true, webauthn:extension:prf: true, webauthn:virtualAuthenticators: true}
        Session ID: f9dc64868b00acd37fa159c27d47daa6
        	at org.openqa.selenium.remote.ErrorCodec.decode(ErrorCodec.java:169)
        	at org.openqa.selenium.remote.codec.w3c.W3CHttpResponseCodec.decode(W3CHttpResponseCodec.java:142)
        	at org.openqa.selenium.remote.codec.w3c.W3CHttpResponseCodec.decode(W3CHttpResponseCodec.java:49)
        	at org.openqa.selenium.remote.HttpCommandExecutor.execute(HttpCommandExecutor.java:223)
        	at org.openqa.selenium.remote.service.DriverCommandExecutor.invokeExecute(DriverCommandExecutor.java:216)
        	at org.openqa.selenium.remote.service.DriverCommandExecutor.execute(DriverCommandExecutor.java:174)
        	at org.openqa.selenium.remote.RemoteWebDriver.execute(RemoteWebDriver.java:604)
        	at org.openqa.selenium.remote.RemoteWebDriver.execute(RemoteWebDriver.java:686)
        	at org.openqa.selenium.remote.RemoteWebDriver.execute(RemoteWebDriver.java:690)
        	at org.openqa.selenium.remote.RemoteWebDriver.getScreenshotAs(RemoteWebDriver.java:393)
        	at com.automation.hooks.Hooks.tearDown(Hooks.java:21)
]]></system-out>
    <system-err><![CDATA[Aug 10, 2026 3:18:05 PM org.openqa.selenium.devtools.CdpVersionFinder findNearestMatch
WARNING: Unable to find CDP implementation matching 151
Aug 10, 2026 3:18:05 PM org.openqa.selenium.chromium.ChromiumDriver lambda$new$4
WARNING: Unable to find version of CDP to use for 151.0.7922.77. You may need to include a dependency on a specific version of the CDP using something similar to `org.seleniumhq.selenium:selenium-devtools-v86:4.41.0` where the version ("v86") matches the version of the chromium-based browser you're using and the version number of the artifact is the same as Selenium's.
]]></system-err>
  </testcase>
  <testcase name="runScenario[&quot;Search with special characters&quot;, &quot;Product Search on Flipkart&quot;](5)" classname="com.automation.runner.TestRunner" time="0.048">
    <failure message="no such window: target window already closed&#10;from unknown error: web view not found&#10;  (Session info: chrome=151.0.7922.77)&#10;Build info: version: &apos;4.41.0&apos;, revision: &apos;9fc754f&apos;&#10;System info: os.name: &apos;Windows 11&apos;, os.arch: &apos;amd64&apos;, os.version: &apos;10.0&apos;, java.version: &apos;21.0.12&apos;&#10;Driver info: org.openqa.selenium.chrome.ChromeDriver&#10;Command: [f9dc64868b00acd37fa159c27d47daa6, get {url=https://www.flipkart.com/}]&#10;Capabilities {acceptInsecureCerts: false, browserName: chrome, browserVersion: 151.0.7922.77, chrome: {chromedriverVersion: 151.0.7922.77 (ff37cfca2101..., userDataDir: C:\Users\W11\AppData\Local\...}, fedcm:accounts: true, goog:chromeOptions: {debuggerAddress: localhost:59144}, goog:processID: 15696, networkConnectionEnabled: false, pageLoadStrategy: normal, platformName: windows, proxy: Proxy(), se:cdp: ws://localhost:59144/devtoo..., se:cdpVersion: 151.0.7922.77, setWindowRect: true, strictFileInteractability: false, timeouts: {implicit: 0, pageLoad: 300000, script: 30000}, unhandledPromptBehavior: dismiss and notify, webauthn:extension:credBlob: true, webauthn:extension:largeBlob: true, webauthn:extension:minPinLength: true, webauthn:extension:prf: true, webauthn:virtualAuthenticators: true}&#10;Session ID: f9dc64868b00acd37fa159c27d47daa6" type="org.openqa.selenium.NoSuchWindowException"><![CDATA[org.openqa.selenium.NoSuchWindowException: 
no such window: target window already closed
from unknown error: web view not found
  (Session info: chrome=151.0.7922.77)
Build info: version: '4.41.0', revision: '9fc754f'
System info: os.name: 'Windows 11', os.arch: 'amd64', os.version: '10.0', java.version: '21.0.12'
Driver info: org.openqa.selenium.chrome.ChromeDriver
Command: [f9dc64868b00acd37fa159c27d47daa6, get {url=https://www.flipkart.com/}]
Capabilities {acceptInsecureCerts: false, browserName: chrome, browserVersion: 151.0.7922.77, chrome: {chromedriverVersion: 151.0.7922.77 (ff37cfca2101..., userDataDir: C:\Users\W11\AppData\Local\...}, fedcm:accounts: true, goog:chromeOptions: {debuggerAddress: localhost:59144}, goog:processID: 15696, networkConnectionEnabled: false, pageLoadStrategy: normal, platformName: windows, proxy: Proxy(), se:cdp: ws://localhost:59144/devtoo..., se:cdpVersion: 151.0.7922.77, setWindowRect: true, strictFileInteractability: false, timeouts: {implicit: 0, pageLoad: 300000, script: 30000}, unhandledPromptBehavior: dismiss and notify, webauthn:extension:credBlob: true, webauthn:extension:largeBlob: true, webauthn:extension:minPinLength: true, webauthn:extension:prf: true, webauthn:virtualAuthenticators: true}
Session ID: f9dc64868b00acd37fa159c27d47daa6
	at org.openqa.selenium.remote.ErrorCodec.decode(ErrorCodec.java:169)
	at org.openqa.selenium.remote.codec.w3c.W3CHttpResponseCodec.decode(W3CHttpResponseCodec.java:142)
	at org.openqa.selenium.remote.codec.w3c.W3CHttpResponseCodec.decode(W3CHttpResponseCodec.java:49)
	at org.openqa.selenium.remote.HttpCommandExecutor.execute(HttpCommandExecutor.java:223)
	at org.openqa.selenium.remote.service.DriverCommandExecutor.invokeExecute(DriverCommandExecutor.java:216)
	at org.openqa.selenium.remote.service.DriverCommandExecutor.execute(DriverCommandExecutor.java:174)
	at org.openqa.selenium.remote.RemoteWebDriver.execute(RemoteWebDriver.java:604)
	at org.openqa.selenium.remote.RemoteWebDriver.get(RemoteWebDriver.java:372)
	at com.automation.pages.FlipkartHomePage.openFlipkart(FlipkartHomePage.java:20)
	at com.automation.stepdefs.SearchSteps.user_is_on_flipkart_homepage(SearchSteps.java:15)
	at ✽.user is on Flipkart homepage(file:///C:/Users/W11/eclipse-workspace/CucumberSeleniumBDDFramework_Flipkart/src/test/resources/features/search.feature:18)
]]></failure>
    <system-out><![CDATA[
@smoke @regression @invalid
Scenario: Search with special characters                # src/test/resources/features/search.feature:17
2026-08-10 15:22:13 INFO  LoggerUtil:14 - Starting scenario: Search with special characters
  ✘ Given user is on Flipkart homepage                  # com.automation.stepdefs.SearchSteps.user_is_on_flipkart_homepage()
        org.openqa.selenium.NoSuchWindowException: no such window: target window already closed
        from unknown error: web view not found
          (Session info: chrome=151.0.7922.77)
        Build info: version: '4.41.0', revision: '9fc754f'
        System info: os.name: 'Windows 11', os.arch: 'amd64', os.version: '10.0', java.version: '21.0.12'
        Driver info: org.openqa.selenium.chrome.ChromeDriver
        Command: [f9dc64868b00acd37fa159c27d47daa6, get {url=https://www.flipkart.com/}]
        Capabilities {acceptInsecureCerts: false, browserName: chrome, browserVersion: 151.0.7922.77, chrome: {chromedriverVersion: 151.0.7922.77 (ff37cfca2101..., userDataDir: C:\Users\W11\AppData\Local\...}, fedcm:accounts: true, goog:chromeOptions: {debuggerAddress: localhost:59144}, goog:processID: 15696, networkConnectionEnabled: false, pageLoadStrategy: normal, platformName: windows, proxy: Proxy(), se:cdp: ws://localhost:59144/devtoo..., se:cdpVersion: 151.0.7922.77, setWindowRect: true, strictFileInteractability: false, timeouts: {implicit: 0, pageLoad: 300000, script: 30000}, unhandledPromptBehavior: dismiss and notify, webauthn:extension:credBlob: true, webauthn:extension:largeBlob: true, webauthn:extension:minPinLength: true, webauthn:extension:prf: true, webauthn:virtualAuthenticators: true}
        Session ID: f9dc64868b00acd37fa159c27d47daa6
        	at org.openqa.selenium.remote.ErrorCodec.decode(ErrorCodec.java:169)
        	at org.openqa.selenium.remote.codec.w3c.W3CHttpResponseCodec.decode(W3CHttpResponseCodec.java:142)
        	at org.openqa.selenium.remote.codec.w3c.W3CHttpResponseCodec.decode(W3CHttpResponseCodec.java:49)
        	at org.openqa.selenium.remote.HttpCommandExecutor.execute(HttpCommandExecutor.java:223)
        	at org.openqa.selenium.remote.service.DriverCommandExecutor.invokeExecute(DriverCommandExecutor.java:216)
        	at org.openqa.selenium.remote.service.DriverCommandExecutor.execute(DriverCommandExecutor.java:174)
        	at org.openqa.selenium.remote.RemoteWebDriver.execute(RemoteWebDriver.java:604)
        	at org.openqa.selenium.remote.RemoteWebDriver.get(RemoteWebDriver.java:372)
        	at com.automation.pages.FlipkartHomePage.openFlipkart(FlipkartHomePage.java:20)
        	at com.automation.stepdefs.SearchSteps.user_is_on_flipkart_homepage(SearchSteps.java:15)
        	at ✽.user is on Flipkart homepage(file:///C:/Users/W11/eclipse-workspace/CucumberSeleniumBDDFramework_Flipkart/src/test/resources/features/search.feature:18)
  ↷ When user searches for "@#$%^"                      # com.automation.stepdefs.SearchSteps.user_searches_for(java.lang.String)
  ↷ Then search results should be displayed for "@#$%^" # com.automation.stepdefs.SearchSteps.search_results_should_be_displayed_for(java.lang.String)
        org.openqa.selenium.NoSuchWindowException: no such window: target window already closed
        from unknown error: web view not found
          (Session info: chrome=151.0.7922.77)
        Build info: version: '4.41.0', revision: '9fc754f'
        System info: os.name: 'Windows 11', os.arch: 'amd64', os.version: '10.0', java.version: '21.0.12'
        Driver info: org.openqa.selenium.chrome.ChromeDriver
        Command: [f9dc64868b00acd37fa159c27d47daa6, screenshot {}]
        Capabilities {acceptInsecureCerts: false, browserName: chrome, browserVersion: 151.0.7922.77, chrome: {chromedriverVersion: 151.0.7922.77 (ff37cfca2101..., userDataDir: C:\Users\W11\AppData\Local\...}, fedcm:accounts: true, goog:chromeOptions: {debuggerAddress: localhost:59144}, goog:processID: 15696, networkConnectionEnabled: false, pageLoadStrategy: normal, platformName: windows, proxy: Proxy(), se:cdp: ws://localhost:59144/devtoo..., se:cdpVersion: 151.0.7922.77, setWindowRect: true, strictFileInteractability: false, timeouts: {implicit: 0, pageLoad: 300000, script: 30000}, unhandledPromptBehavior: dismiss and notify, webauthn:extension:credBlob: true, webauthn:extension:largeBlob: true, webauthn:extension:minPinLength: true, webauthn:extension:prf: true, webauthn:virtualAuthenticators: true}
        Session ID: f9dc64868b00acd37fa159c27d47daa6
        	at org.openqa.selenium.remote.ErrorCodec.decode(ErrorCodec.java:169)
        	at org.openqa.selenium.remote.codec.w3c.W3CHttpResponseCodec.decode(W3CHttpResponseCodec.java:142)
        	at org.openqa.selenium.remote.codec.w3c.W3CHttpResponseCodec.decode(W3CHttpResponseCodec.java:49)
        	at org.openqa.selenium.remote.HttpCommandExecutor.execute(HttpCommandExecutor.java:223)
        	at org.openqa.selenium.remote.service.DriverCommandExecutor.invokeExecute(DriverCommandExecutor.java:216)
        	at org.openqa.selenium.remote.service.DriverCommandExecutor.execute(DriverCommandExecutor.java:174)
        	at org.openqa.selenium.remote.RemoteWebDriver.execute(RemoteWebDriver.java:604)
        	at org.openqa.selenium.remote.RemoteWebDriver.execute(RemoteWebDriver.java:686)
        	at org.openqa.selenium.remote.RemoteWebDriver.execute(RemoteWebDriver.java:690)
        	at org.openqa.selenium.remote.RemoteWebDriver.getScreenshotAs(RemoteWebDriver.java:393)
        	at com.automation.hooks.Hooks.tearDown(Hooks.java:21)
]]></system-out>
  </testcase>
</testsuite>