<?xml version="1.0" encoding="UTF-8"?>
<testsuite xmlns:xsi="http://www.w3.org/2001/XMLSchema-instance" xsi:noNamespaceSchemaLocation="https://maven.apache.org/surefire/maven-surefire-plugin/xsd/surefire-test-report.xsd" version="3.0.2" name="TestSuite" time="104.449" tests="5" errors="0" skipped="0" failures="0">
  <properties>
[...]
</properties>
  <testcase name="runScenario[&quot;Valid search for multiple products&quot;, &quot;Product Search on Flipkart&quot;](1)" classname="com.automation.runner.TestRunner" time="31.802">
    <system-out><![CDATA[
@smoke @regression @valid
Scenario Outline: Valid search for multiple products        # src/test/resources/features/search.feature:11
2026-08-10 09:28:45 INFO  LoggerUtil:14 - Starting scenario: Valid search for multiple products
2026-08-10 09:29:03 INFO  LoggerUtil:21 - Opened Flipkart homepage
  ✔ Given user is on Flipkart homepage                      # com.automation.stepdefs.SearchSteps.user_is_on_flipkart_homepage()
2026-08-10 09:29:17 INFO  LoggerUtil:28 - Searched for product: iPhone 16
  ✔ When user searches for "iPhone 16"                      # com.automation.stepdefs.SearchSteps.user_searches_for(java.lang.String)
  ✔ Then search results should be displayed for "iPhone 16" # com.automation.stepdefs.SearchSteps.search_results_should_be_displayed_for(java.lang.String)
2026-08-10 09:29:17 INFO  LoggerUtil:26 - Scenario finished: Valid search for multiple products
]]></system-out>
    <system-err><![CDATA[Aug 10, 2026 9:28:47 AM org.openqa.selenium.devtools.CdpVersionFinder findNearestMatch
WARNING: Unable to find CDP implementation matching 151
Aug 10, 2026 9:28:47 AM org.openqa.selenium.chromium.ChromiumDriver lambda$new$4
WARNING: Unable to find version of CDP to use for 151.0.7922.77. You may need to include a dependency on a specific version of the CDP using something similar to `org.seleniumhq.selenium:selenium-devtools-v86:4.41.0` where the version ("v86") matches the version of the chromium-based browser you're using and the version number of the artifact is the same as Selenium's.
]]></system-err>
  </testcase>
  <testcase name="runScenario[&quot;Valid search for multiple products&quot;, &quot;Product Search on Flipkart&quot;](2)" classname="com.automation.runner.TestRunner" time="13.489">
    <system-out><![CDATA[
@smoke @regression @valid
Scenario Outline: Valid search for multiple products             # src/test/resources/features/search.feature:12
2026-08-10 09:29:17 INFO  LoggerUtil:14 - Starting scenario: Valid search for multiple products
2026-08-10 09:29:26 INFO  LoggerUtil:21 - Opened Flipkart homepage
  ✔ Given user is on Flipkart homepage                           # com.automation.stepdefs.SearchSteps.user_is_on_flipkart_homepage()
2026-08-10 09:29:30 INFO  LoggerUtil:28 - Searched for product: Samsung Galaxy
  ✔ When user searches for "Samsung Galaxy"                      # com.automation.stepdefs.SearchSteps.user_searches_for(java.lang.String)
  ✔ Then search results should be displayed for "Samsung Galaxy" # com.automation.stepdefs.SearchSteps.search_results_should_be_displayed_for(java.lang.String)
2026-08-10 09:29:30 INFO  LoggerUtil:26 - Scenario finished: Valid search for multiple products
]]></system-out>
    <system-err><![CDATA[Aug 10, 2026 9:29:18 AM org.openqa.selenium.devtools.CdpVersionFinder findNearestMatch
WARNING: Unable to find CDP implementation matching 151
Aug 10, 2026 9:29:18 AM org.openqa.selenium.chromium.ChromiumDriver lambda$new$4
WARNING: Unable to find version of CDP to use for 151.0.7922.77. You may need to include a dependency on a specific version of the CDP using something similar to `org.seleniumhq.selenium:selenium-devtools-v86:4.41.0` where the version ("v86") matches the version of the chromium-based browser you're using and the version number of the artifact is the same as Selenium's.
]]></system-err>
  </testcase>
  <testcase name="runScenario[&quot;Valid search for multiple products&quot;, &quot;Product Search on Flipkart&quot;](3)" classname="com.automation.runner.TestRunner" time="23.113">
    <system-out><![CDATA[
@smoke @regression @valid
Scenario Outline: Valid search for multiple products               # src/test/resources/features/search.feature:13
2026-08-10 09:29:30 INFO  LoggerUtil:14 - Starting scenario: Valid search for multiple products
2026-08-10 09:29:47 INFO  LoggerUtil:21 - Opened Flipkart homepage
  ✔ Given user is on Flipkart homepage                             # com.automation.stepdefs.SearchSteps.user_is_on_flipkart_homepage()
2026-08-10 09:29:53 INFO  LoggerUtil:28 - Searched for product: Wireless Earbuds
  ✔ When user searches for "Wireless Earbuds"                      # com.automation.stepdefs.SearchSteps.user_searches_for(java.lang.String)
  ✔ Then search results should be displayed for "Wireless Earbuds" # com.automation.stepdefs.SearchSteps.search_results_should_be_displayed_for(java.lang.String)
2026-08-10 09:29:53 INFO  LoggerUtil:26 - Scenario finished: Valid search for multiple products
]]></system-out>
    <system-err><![CDATA[Aug 10, 2026 9:29:31 AM org.openqa.selenium.devtools.CdpVersionFinder findNearestMatch
WARNING: Unable to find CDP implementation matching 151
Aug 10, 2026 9:29:31 AM org.openqa.selenium.chromium.ChromiumDriver lambda$new$4
WARNING: Unable to find version of CDP to use for 151.0.7922.77. You may need to include a dependency on a specific version of the CDP using something similar to `org.seleniumhq.selenium:selenium-devtools-v86:4.41.0` where the version ("v86") matches the version of the chromium-based browser you're using and the version number of the artifact is the same as Selenium's.
]]></system-err>
  </testcase>
  <testcase name="runScenario[&quot;Valid search for multiple products&quot;, &quot;Product Search on Flipkart&quot;](4)" classname="com.automation.runner.TestRunner" time="14.926">
    <system-out><![CDATA[
@smoke @regression @valid
Scenario Outline: Valid search for multiple products     # src/test/resources/features/search.feature:14
2026-08-10 09:29:53 INFO  LoggerUtil:14 - Starting scenario: Valid search for multiple products
2026-08-10 09:30:03 INFO  LoggerUtil:21 - Opened Flipkart homepage
  ✔ Given user is on Flipkart homepage                   # com.automation.stepdefs.SearchSteps.user_is_on_flipkart_homepage()
2026-08-10 09:30:08 INFO  LoggerUtil:28 - Searched for product: Laptop
  ✔ When user searches for "Laptop"                      # com.automation.stepdefs.SearchSteps.user_searches_for(java.lang.String)
  ✔ Then search results should be displayed for "Laptop" # com.automation.stepdefs.SearchSteps.search_results_should_be_displayed_for(java.lang.String)
2026-08-10 09:30:08 INFO  LoggerUtil:26 - Scenario finished: Valid search for multiple products
]]></system-out>
    <system-err><![CDATA[Aug 10, 2026 9:29:54 AM org.openqa.selenium.devtools.CdpVersionFinder findNearestMatch
WARNING: Unable to find CDP implementation matching 151
Aug 10, 2026 9:29:54 AM org.openqa.selenium.chromium.ChromiumDriver lambda$new$4
WARNING: Unable to find version of CDP to use for 151.0.7922.77. You may need to include a dependency on a specific version of the CDP using something similar to `org.seleniumhq.selenium:selenium-devtools-v86:4.41.0` where the version ("v86") matches the version of the chromium-based browser you're using and the version number of the artifact is the same as Selenium's.
]]></system-err>
  </testcase>
  <testcase name="runScenario[&quot;Search with special characters&quot;, &quot;Product Search on Flipkart&quot;](5)" classname="com.automation.runner.TestRunner" time="19.847">
    <system-out><![CDATA[
@smoke @regression @invalid
Scenario: Search with special characters                # src/test/resources/features/search.feature:17
2026-08-10 09:30:08 INFO  LoggerUtil:14 - Starting scenario: Search with special characters
2026-08-10 09:30:19 INFO  LoggerUtil:21 - Opened Flipkart homepage
  ✔ Given user is on Flipkart homepage                  # com.automation.stepdefs.SearchSteps.user_is_on_flipkart_homepage()
2026-08-10 09:30:28 INFO  LoggerUtil:28 - Searched for product: @#$%^
  ✔ When user searches for "@#$%^"                      # com.automation.stepdefs.SearchSteps.user_searches_for(java.lang.String)
  ✔ Then search results should be displayed for "@#$%^" # com.automation.stepdefs.SearchSteps.search_results_should_be_displayed_for(java.lang.String)
2026-08-10 09:30:28 INFO  LoggerUtil:26 - Scenario finished: Search with special characters
]]></system-out>
    <system-err><![CDATA[Aug 10, 2026 9:30:09 AM org.openqa.selenium.devtools.CdpVersionFinder findNearestMatch
WARNING: Unable to find CDP implementation matching 151
Aug 10, 2026 9:30:09 AM org.openqa.selenium.chromium.ChromiumDriver lambda$new$4
WARNING: Unable to find version of CDP to use for 151.0.7922.77. You may need to include a dependency on a specific version of the CDP using something similar to `org.seleniumhq.selenium:selenium-devtools-v86:4.41.0` where the version ("v86") matches the version of the chromium-based browser you're using and the version number of the artifact is the same as Selenium's.
]]></system-err>
  </testcase>
</testsuite>