<?xml version="1.0" encoding="UTF-8"?>
<testng-results ignored="0" total="5" passed="5" failed="0" skipped="0">
  <reporter-output>
  </reporter-output>
  <suite started-at="2026-08-10T09:12:01 IST" name="Default suite" finished-at="2026-08-10T09:14:20 IST" duration-ms="138771">
    <groups>
      <group name="cucumber">
        <method signature="AbstractTestNGCucumberTests.runScenario(io.cucumber.testng.PickleWrapper,io.cucumber.testng.FeatureWrapper)[pri:0, instance:com.automation.runner.TestRunner@6e509ffa]" name="runScenario" class="io.cucumber.testng.AbstractTestNGCucumberTests"/>
      </group> <!-- cucumber -->
    </groups>
    <test started-at="2026-08-10T09:12:01 IST" name="Default test" finished-at="2026-08-10T09:14:20 IST" duration-ms="138771">
      <class name="com.automation.runner.TestRunner">
        <test-method is-config="true" signature="setUpClass(org.testng.ITestContext)[pri:0, instance:com.automation.runner.TestRunner@6e509ffa]" started-at="2026-08-10T09:12:01 IST" name="setUpClass" finished-at="2026-08-10T09:12:01 IST" duration-ms="626" status="PASS">
          <params>
            <param index="0">
              <value>
                <![CDATA[org.testng.TestRunner@249b54af]]>
              </value>
            </param>
          </params>
          <reporter-output>
          </reporter-output>
        </test-method> <!-- setUpClass -->
        <test-method signature="runScenario(io.cucumber.testng.PickleWrapper,io.cucumber.testng.FeatureWrapper)[pri:0, instance:com.automation.runner.TestRunner@6e509ffa]" started-at="2026-08-10T09:12:01 IST" name="runScenario" description="Runs Cucumber Scenarios" data-provider="scenarios" finished-at="2026-08-10T09:12:28 IST" duration-ms="26194" status="PASS">
          <params>
            <param index="0">
              <value>
                <![CDATA["Valid search for multiple products"]]>
              </value>
            </param>
            <param index="1">
              <value>
                <![CDATA["Product Search on Flipkart"]]>
              </value>
            </param>
          </params>
          <reporter-output>
          </reporter-output>
        </test-method> <!-- runScenario -->
        <test-method signature="runScenario(io.cucumber.testng.PickleWrapper,io.cucumber.testng.FeatureWrapper)[pri:0, instance:com.automation.runner.TestRunner@6e509ffa]" started-at="2026-08-10T09:12:28 IST" name="runScenario" description="Runs Cucumber Scenarios" data-provider="scenarios" finished-at="2026-08-10T09:13:33 IST" duration-ms="65064" status="PASS">
          <params>
            <param index="0">
              <value>
                <![CDATA["Valid search for multiple products"]]>
              </value>
            </param>
            <param index="1">
              <value>
                <![CDATA["Product Search on Flipkart"]]>
              </value>
            </param>
          </params>
          <reporter-output>
          </reporter-output>
        </test-method> <!-- runScenario -->
        <test-method signature="runScenario(io.cucumber.testng.PickleWrapper,io.cucumber.testng.FeatureWrapper)[pri:0, instance:com.automation.runner.TestRunner@6e509ffa]" started-at="2026-08-10T09:13:33 IST" name="runScenario" description="Runs Cucumber Scenarios" data-provider="scenarios" finished-at="2026-08-10T09:13:49 IST" duration-ms="16227" status="PASS">
          <params>
            <param index="0">
              <value>
                <![CDATA["Valid search for multiple products"]]>
              </value>
            </param>
            <param index="1">
              <value>
                <![CDATA["Product Search on Flipkart"]]>
              </value>
            </param>
          </params>
          <reporter-output>
          </reporter-output>
        </test-method> <!-- runScenario -->
        <test-method signature="runScenario(io.cucumber.testng.PickleWrapper,io.cucumber.testng.FeatureWrapper)[pri:0, instance:com.automation.runner.TestRunner@6e509ffa]" started-at="2026-08-10T09:13:49 IST" name="runScenario" description="Runs Cucumber Scenarios" data-provider="scenarios" finished-at="2026-08-10T09:14:02 IST" duration-ms="13544" status="PASS">
          <params>
            <param index="0">
              <value>
                <![CDATA["Valid search for multiple products"]]>
              </value>
            </param>
            <param index="1">
              <value>
                <![CDATA["Product Search on Flipkart"]]>
              </value>
            </param>
          </params>
          <reporter-output>
          </reporter-output>
        </test-method> <!-- runScenario -->
        <test-method signature="runScenario(io.cucumber.testng.PickleWrapper,io.cucumber.testng.FeatureWrapper)[pri:0, instance:com.automation.runner.TestRunner@6e509ffa]" started-at="2026-08-10T09:14:02 IST" name="runScenario" description="Runs Cucumber Scenarios" data-provider="scenarios" finished-at="2026-08-10T09:14:19 IST" duration-ms="16781" status="PASS">
          <params>
            <param index="0">
              <value>
                <![CDATA["Search with special characters"]]>
              </value>
            </param>
            <param index="1">
              <value>
                <![CDATA["Product Search on Flipkart"]]>
              </value>
            </param>
          </params>
          <reporter-output>
          </reporter-output>
        </test-method> <!-- runScenario -->
        <test-method is-config="true" signature="tearDownClass()[pri:0, instance:com.automation.runner.TestRunner@6e509ffa]" started-at="2026-08-10T09:14:19 IST" name="tearDownClass" finished-at="2026-08-10T09:14:20 IST" duration-ms="291" status="PASS">
          <reporter-output>
          </reporter-output>
        </test-method> <!-- tearDownClass -->
      </class> <!-- com.automation.runner.TestRunner -->
    </test> <!-- Default test -->
  </suite> <!-- Default suite -->
</testng-results>
