<?xml version="1.0" encoding="UTF-8"?>
<!-- Generated by org.testng.reporters.JUnitReportReporter -->
<testsuite hostname="DESKTOP-D1EN886" failures="0" tests="5" name="com.automation.runner.TestRunner" time="137.810" errors="0" timestamp="2026-08-10T09:14:20 IST" skipped="0">
  <testcase classname="com.automation.runner.TestRunner" name="runScenario" time="13.544"/>
  <testcase classname="com.automation.runner.TestRunner" name="runScenario" time="16.227"/>
  <testcase classname="com.automation.runner.TestRunner" name="runScenario" time="16.781"/>
  <testcase classname="com.automation.runner.TestRunner" name="runScenario" time="26.194"/>
  <testcase classname="com.automation.runner.TestRunner" name="runScenario" time="65.064"/>
</testsuite> <!-- com.automation.runner.TestRunner -->
