<?xml version="1.0" encoding="UTF-8"?>
<!-- Generated by org.testng.reporters.JUnitReportReporter -->
<testsuite hostname="DESKTOP-D1EN886" failures="0" tests="5" name="com.automation.runner.TestRunner" time="103.176" errors="0" timestamp="2026-08-10T09:30:29 IST" skipped="0">
  <testcase classname="com.automation.runner.TestRunner" name="runScenario" time="31.800"/>
  <testcase classname="com.automation.runner.TestRunner" name="runScenario" time="14.926"/>
  <testcase classname="com.automation.runner.TestRunner" name="runScenario" time="13.489"/>
  <testcase classname="com.automation.runner.TestRunner" name="runScenario" time="23.114"/>
  <testcase classname="com.automation.runner.TestRunner" name="runScenario" time="19.847"/>
</testsuite> <!-- com.automation.runner.TestRunner -->
